[2019-10-26 18:34:51] INFO Udayaan deposited 1000.0 to their wallet
[2019-10-26 18:47:11] INFO Harsimar deposited 1000.0 to their wallet
[2019-10-26 19:05:01] INFO Harsimar sent money request to Udayaan for 100.0 amount
[2019-10-26 21:04:21] INFO Harsimar sent money request to Udayaan for 1000.0 amount
[2019-10-26 21:08:13] INFO Udayaan accepted money request from Harsimar for 100.0 amount
[2019-10-26 21:08:26] INFO Udayaan accepted money request from Harsimar for 1000.0 amount
[2019-10-28 13:06:45] INFO Udayaan deposited 1000000.0 to their wallet
[2019-10-28 13:10:51] INFO Udayaan sent money request to Harsimar for 10.0 amount
[2019-10-29 14:39:54] INFO A deposited 100 to their wallet
[2019-10-29 14:39:54] INFO E deposited 1000 to their wallet
[2019-10-29 14:39:54] INFO E sent money request to F for 100 amount
[2019-10-29 14:39:54] INFO E deposited 1000 to their wallet
[2019-10-29 14:39:54] INFO E sent money request to F for 100 amount
[2019-10-29 14:39:54] INFO F accepted money request from E for 100.0 amount
[2019-10-29 14:42:23] INFO A deposited 100 to their wallet
[2019-10-29 14:42:23] INFO E deposited 1000 to their wallet
[2019-10-29 14:42:23] INFO E sent money request to F for 100 amount
[2019-10-29 14:42:23] INFO E deposited 1000 to their wallet
[2019-10-29 14:42:23] INFO E sent money request to F for 100 amount
[2019-10-29 14:42:23] INFO F accepted money request from E for 100.0 amount
[2019-10-29 14:43:00] INFO A deposited 100 to their wallet
[2019-10-29 14:43:00] INFO E deposited 1000 to their wallet
[2019-10-29 14:43:00] INFO E sent money request to F for 100 amount
[2019-10-29 14:43:00] INFO E deposited 1000 to their wallet
[2019-10-29 14:43:00] INFO E sent money request to F for 100 amount
[2019-10-29 14:43:00] INFO F accepted money request from E for 100.0 amount
[2019-10-29 14:44:16] INFO A deposited 100 to their wallet
[2019-10-29 14:44:16] INFO E deposited 1000 to their wallet
[2019-10-29 14:44:16] INFO E sent money request to F for 100 amount
[2019-10-29 14:44:16] INFO E deposited 1000 to their wallet
[2019-10-29 14:44:16] INFO E sent money request to F for 100 amount
[2019-10-29 14:44:16] INFO F accepted money request from E for 100.0 amount
[2019-10-29 14:45:02] INFO A deposited 100 to their wallet
[2019-10-29 14:45:02] INFO E deposited 1000 to their wallet
[2019-10-29 14:45:02] INFO E sent money request to F for 100 amount
[2019-10-29 14:45:02] INFO E deposited 1000 to their wallet
[2019-10-29 14:45:02] INFO E sent money request to F for 100 amount
[2019-10-29 14:45:02] INFO F accepted money request from E for 100.0 amount
[2019-10-29 14:48:49] INFO A deposited 100 to their wallet
[2019-10-29 14:48:49] INFO E deposited 1000 to their wallet
[2019-10-29 14:48:49] INFO E sent money request to F for 100 amount
[2019-10-29 14:48:49] INFO E deposited 1000 to their wallet
[2019-10-29 14:48:49] INFO E sent money request to F for 100 amount
[2019-10-29 14:48:49] INFO F accepted money request from E for 100.0 amount
[2019-10-29 14:49:33] INFO A deposited 100 to their wallet
[2019-10-29 14:49:33] INFO A deposited 100 to their wallet
[2019-10-29 14:49:33] INFO A deposited 100 to their wallet
[2019-10-29 14:49:33] INFO A deposited 100 to their wallet
[2019-10-29 14:49:33] INFO E deposited 1000 to their wallet
[2019-10-29 14:49:33] INFO E sent money request to F for 100 amount
[2019-10-29 14:49:33] INFO E deposited 1000 to their wallet
[2019-10-29 14:49:33] INFO E sent money request to F for 100 amount
[2019-10-29 14:49:33] INFO F accepted money request from E for 100.0 amount
[2019-10-29 14:51:10] INFO A deposited 10000 to their wallet
[2019-10-29 14:51:10] INFO A deposited 10000 to their wallet
[2019-10-29 14:51:10] INFO A deposited 10000 to their wallet
[2019-10-29 14:51:10] INFO A deposited 1000 to their wallet
[2019-10-29 14:51:10] INFO B deposited 10000 to their wallet
[2019-10-29 14:51:10] INFO E deposited 1000 to their wallet
[2019-10-29 14:51:10] INFO E sent money request to F for 100 amount
[2019-10-29 14:51:10] INFO F deposited 10000 to their wallet
[2019-10-29 14:51:10] INFO E deposited 1000 to their wallet
[2019-10-29 14:51:10] INFO E sent money request to F for 100 amount
[2019-10-29 14:51:10] INFO F accepted money request from E for 100.0 amount
[2019-10-29 14:53:12] INFO A deposited 10000 to their wallet
[2019-10-29 14:53:12] INFO A deposited 10000 to their wallet
[2019-10-29 14:53:12] INFO A deposited 10000 to their wallet
[2019-10-29 14:53:12] INFO A deposited 1000 to their wallet
[2019-10-29 14:53:12] INFO B deposited 10000 to their wallet
[2019-10-29 14:53:12] INFO E deposited 1000 to their wallet
[2019-10-29 14:53:12] INFO E sent money request to F for 100 amount
[2019-10-29 14:53:12] INFO F deposited 10000 to their wallet
[2019-10-29 14:53:13] INFO E deposited 1000 to their wallet
[2019-10-29 14:53:13] INFO E sent money request to F for 100 amount
[2019-10-29 14:53:13] INFO F accepted money request from E for 100.0 amount
[2019-10-29 14:54:04] INFO A deposited 10000 to their wallet
[2019-10-29 14:54:04] INFO A deposited 10000 to their wallet
[2019-10-29 14:54:04] INFO A deposited 10000 to their wallet
[2019-10-29 14:54:04] INFO A deposited 1000 to their wallet
[2019-10-29 14:54:04] INFO B deposited 10000 to their wallet
[2019-10-29 14:54:04] INFO E deposited 1000 to their wallet
[2019-10-29 14:54:04] INFO E sent money request to F for 100 amount
[2019-10-29 14:54:04] INFO F deposited 10000 to their wallet
[2019-10-29 14:54:04] INFO E deposited 1000 to their wallet
[2019-10-29 14:54:04] INFO E sent money request to F for 100 amount
[2019-10-29 14:54:04] INFO F accepted money request from E for 100.0 amount
[2019-10-29 14:54:21] INFO A deposited 10000 to their wallet
[2019-10-29 14:54:21] INFO A deposited 10000 to their wallet
[2019-10-29 14:54:21] INFO A deposited 10000 to their wallet
[2019-10-29 14:54:21] INFO A deposited 1000 to their wallet
[2019-10-29 14:54:21] INFO B deposited 10000 to their wallet
[2019-10-29 14:54:21] INFO E deposited 1000 to their wallet
[2019-10-29 14:54:21] INFO E sent money request to F for 100 amount
[2019-10-29 14:54:21] INFO F deposited 10000 to their wallet
[2019-10-29 14:54:21] INFO E deposited 1000 to their wallet
[2019-10-29 14:54:21] INFO E sent money request to F for 100 amount
[2019-10-29 14:54:21] INFO F accepted money request from E for 100.0 amount
[2019-10-29 14:55:19] INFO A deposited 10000 to their wallet
[2019-10-29 14:55:19] INFO A deposited 10000 to their wallet
[2019-10-29 14:55:19] INFO A deposited 10000 to their wallet
[2019-10-29 14:55:19] INFO A deposited 1000 to their wallet
[2019-10-29 14:55:19] INFO B deposited 10000 to their wallet
[2019-10-29 14:55:19] INFO E deposited 1000 to their wallet
[2019-10-29 14:55:19] INFO E sent money request to F for 100 amount
[2019-10-29 14:55:19] INFO F deposited 10000 to their wallet
[2019-10-29 14:55:19] INFO E deposited 1000 to their wallet
[2019-10-29 14:55:19] INFO E sent money request to F for 100 amount
[2019-10-29 14:55:19] INFO F accepted money request from E for 100.0 amount
[2019-10-29 14:56:13] INFO A deposited 10000 to their wallet
[2019-10-29 14:56:13] INFO A deposited 10000 to their wallet
[2019-10-29 14:56:13] INFO A deposited 10000 to their wallet
[2019-10-29 14:56:13] INFO A deposited 1000 to their wallet
[2019-10-29 14:56:13] INFO B deposited 10000 to their wallet
[2019-10-29 14:56:13] INFO E deposited 1000 to their wallet
[2019-10-29 14:56:13] INFO E sent money request to F for 100 amount
[2019-10-29 14:56:13] INFO F deposited 10000 to their wallet
[2019-10-29 14:56:13] INFO E deposited 1000 to their wallet
[2019-10-29 14:56:13] INFO E sent money request to F for 100 amount
[2019-10-29 14:56:13] INFO F accepted money request from E for 100.0 amount
[2019-10-29 14:57:20] INFO A deposited 10000 to their wallet
[2019-10-29 14:57:20] INFO A deposited 10000 to their wallet
[2019-10-29 14:57:20] INFO A deposited 10000 to their wallet
[2019-10-29 14:57:20] INFO A deposited 1000 to their wallet
[2019-10-29 14:57:20] INFO B deposited 10000 to their wallet
[2019-10-29 14:57:20] INFO E deposited 1000 to their wallet
[2019-10-29 14:57:20] INFO E sent money request to F for 100 amount
[2019-10-29 14:57:20] INFO F deposited 10000 to their wallet
[2019-10-29 14:57:20] INFO E deposited 1000 to their wallet
[2019-10-29 14:57:20] INFO E sent money request to F for 100 amount
[2019-10-29 14:57:20] INFO F accepted money request from E for 100.0 amount
[2019-10-29 14:59:01] INFO A deposited 10000 to their wallet
[2019-10-29 14:59:01] INFO A deposited 10000 to their wallet
[2019-10-29 14:59:01] INFO A deposited 10000 to their wallet
[2019-10-29 14:59:01] INFO A deposited 1000 to their wallet
[2019-10-29 14:59:01] INFO B deposited 10000 to their wallet
[2019-10-29 14:59:01] INFO E deposited 1000 to their wallet
[2019-10-29 14:59:01] INFO E sent money request to F for 100 amount
[2019-10-29 14:59:01] INFO F deposited 10000 to their wallet
[2019-10-29 14:59:01] INFO E deposited 1000 to their wallet
[2019-10-29 14:59:01] INFO E sent money request to F for 100 amount
[2019-10-29 14:59:01] INFO F accepted money request from E for 100.0 amount
[2019-10-29 15:00:06] INFO A deposited 10000 to their wallet
[2019-10-29 15:00:06] INFO A deposited 10000 to their wallet
[2019-10-29 15:00:06] INFO A deposited 10000 to their wallet
[2019-10-29 15:00:06] INFO A deposited 1000 to their wallet
[2019-10-29 15:00:06] INFO B deposited 10000 to their wallet
[2019-10-29 15:00:06] INFO E deposited 1000 to their wallet
[2019-10-29 15:00:06] INFO E sent money request to F for 100 amount
[2019-10-29 15:00:06] INFO F deposited 10000 to their wallet
[2019-10-29 15:00:06] INFO E deposited 1000 to their wallet
[2019-10-29 15:00:06] INFO E sent money request to F for 100 amount
[2019-10-29 15:00:06] INFO F accepted money request from E for 100.0 amount
[2019-10-29 15:03:04] INFO A deposited 10000 to their wallet
[2019-10-29 15:03:04] INFO A deposited 10000 to their wallet
[2019-10-29 15:03:04] INFO A deposited 10000 to their wallet
[2019-10-29 15:03:04] INFO A deposited 1000 to their wallet
[2019-10-29 15:03:04] INFO B deposited 10000 to their wallet
[2019-10-29 15:03:04] INFO E deposited 1000 to their wallet
[2019-10-29 15:03:04] INFO E sent money request to F for 100 amount
[2019-10-29 15:03:04] INFO F deposited 10000 to their wallet
[2019-10-29 15:03:04] INFO E deposited 1000 to their wallet
[2019-10-29 15:03:04] INFO E sent money request to F for 100 amount
[2019-10-29 15:03:04] INFO F accepted money request from E for 100.0 amount
[2019-10-29 15:04:03] INFO A deposited 10000 to their wallet
[2019-10-29 15:04:03] INFO A deposited 10000 to their wallet
[2019-10-29 15:04:03] INFO A deposited 10000 to their wallet
[2019-10-29 15:04:03] INFO A deposited 1000 to their wallet
[2019-10-29 15:04:03] INFO B deposited 10000 to their wallet
[2019-10-29 15:04:03] INFO E deposited 1000 to their wallet
[2019-10-29 15:04:03] INFO E sent money request to F for 100 amount
[2019-10-29 15:04:03] INFO F deposited 10000 to their wallet
[2019-10-29 15:04:03] INFO E deposited 1000 to their wallet
[2019-10-29 15:04:03] INFO E sent money request to F for 100 amount
[2019-10-29 15:04:03] INFO F accepted money request from E for 100.0 amount
[2019-10-29 15:05:14] INFO A deposited 10000 to their wallet
[2019-10-29 15:05:14] INFO A deposited 10000 to their wallet
[2019-10-29 15:05:14] INFO A deposited 10000 to their wallet
[2019-10-29 15:05:14] INFO A deposited 1000 to their wallet
[2019-10-29 15:05:14] INFO B deposited 10000 to their wallet
[2019-10-29 15:05:14] INFO E deposited 1000 to their wallet
[2019-10-29 15:05:14] INFO E sent money request to F for 100 amount
[2019-10-29 15:05:14] INFO F deposited 10000 to their wallet
[2019-10-29 15:05:14] INFO E deposited 1000 to their wallet
[2019-10-29 15:05:14] INFO E sent money request to F for 100 amount
[2019-10-29 15:05:14] INFO F accepted money request from E for 100.0 amount
[2019-10-29 16:23:11] INFO A deposited 10000 to their wallet
[2019-10-29 16:23:11] INFO A deposited 10000 to their wallet
[2019-10-29 16:23:11] INFO A deposited 10000 to their wallet
[2019-10-29 16:23:11] INFO A deposited 1000 to their wallet
[2019-10-29 16:23:11] INFO B deposited 10000 to their wallet
[2019-10-29 16:23:11] INFO E deposited 1000 to their wallet
[2019-10-29 16:23:11] INFO E sent money request to F for 100 amount
[2019-10-29 16:23:11] INFO F deposited 10000 to their wallet
[2019-10-29 16:23:11] INFO E deposited 1000 to their wallet
[2019-10-29 16:23:11] INFO E sent money request to F for 100 amount
[2019-10-29 16:23:11] INFO F accepted money request from E for 100.0 amount
